May 23, 2017 5:58:57 PM org.apache.catalina.core.AprLifecycleListener init
INFO: The APR based Apache Tomcat Native library which allows optimal performance in production environments was not found on the java.library.path: /Users/junyipeng/Library/Java/Extensions:/Library/Java/Extensions:/Network/Library/Java/Extensions:/System/Library/Java/Extensions:/usr/lib/java:.
May 23, 2017 5:58:57 PM org.apache.coyote.AbstractProtocol init
INFO: Initializing ProtocolHandler ["http-bio-8080"]
May 23, 2017 5:58:57 PM org.apache.coyote.AbstractProtocol init
INFO: Initializing ProtocolHandler ["ajp-bio-8009"]
May 23, 2017 5:58:57 PM org.apache.catalina.startup.Catalina load
INFO: Initialization processed in 773 ms
May 23, 2017 5:58:58 PM org.apache.catalina.core.StandardService startInternal
INFO: Starting service Catalina
May 23, 2017 5:58:58 PM org.apache.catalina.core.StandardEngine startInternal
INFO: Starting Servlet Engine: Apache Tomcat/7.0.34
May 23, 2017 5:58:58 PM org.apache.catalina.startup.HostConfig deployDirectory
INFO: Deploying web application directory /Users/junyipeng/Downloads/apache-tomcat-7.0.34/webapps/csj
May 23, 2017 5:58:58 PM org.apache.catalina.startup.HostConfig deployDirectory
INFO: Deploying web application directory /Users/junyipeng/Downloads/apache-tomcat-7.0.34/webapps/docs
May 23, 2017 5:58:58 PM org.apache.catalina.startup.HostConfig deployDirectory
INFO: Deploying web application directory /Users/junyipeng/Downloads/apache-tomcat-7.0.34/webapps/examples
May 23, 2017 5:58:58 PM org.apache.catalina.startup.HostConfig deployDirectory
INFO: Deploying web application directory /Users/junyipeng/Downloads/apache-tomcat-7.0.34/webapps/host-manager
May 23, 2017 5:58:58 PM org.apache.catalina.startup.HostConfig deployDirectory
INFO: Deploying web application directory /Users/junyipeng/Downloads/apache-tomcat-7.0.34/webapps/manager
May 23, 2017 5:58:58 PM org.apache.catalina.startup.HostConfig deployDirectory
INFO: Deploying web application directory /Users/junyipeng/Downloads/apache-tomcat-7.0.34/webapps/ROOT
May 23, 2017 5:58:58 PM org.apache.coyote.AbstractProtocol start
INFO: Starting ProtocolHandler ["http-bio-8080"]
May 23, 2017 5:58:58 PM org.apache.coyote.AbstractProtocol start
INFO: Starting ProtocolHandler ["ajp-bio-8009"]
May 23, 2017 5:58:58 PM org.apache.catalina.startup.Catalina start
INFO: Server startup in 497 ms
May 23, 2017 5:59:32 PM org.apache.catalina.core.StandardServer await
INFO: A valid shutdown command was received via the shutdown port. Stopping the Server instance.
May 23, 2017 5:59:32 PM org.apache.coyote.AbstractProtocol pause
INFO: Pausing ProtocolHandler ["http-bio-8080"]
May 23, 2017 5:59:32 PM org.apache.coyote.AbstractProtocol pause
INFO: Pausing ProtocolHandler ["ajp-bio-8009"]
May 23, 2017 5:59:32 PM org.apache.catalina.core.StandardService stopInternal
INFO: Stopping service Catalina
May 23, 2017 5:59:32 PM org.apache.coyote.AbstractProtocol stop
INFO: Stopping ProtocolHandler ["http-bio-8080"]
May 23, 2017 5:59:32 PM org.apache.coyote.AbstractProtocol stop
INFO: Stopping ProtocolHandler ["ajp-bio-8009"]
May 23, 2017 5:59:32 PM org.apache.coyote.AbstractProtocol destroy
INFO: Destroying ProtocolHandler ["http-bio-8080"]
May 23, 2017 5:59:32 PM org.apache.coyote.AbstractProtocol destroy
INFO: Destroying ProtocolHandler ["ajp-bio-8009"]
May 23, 2017 6:00:37 PM org.apache.catalina.core.AprLifecycleListener init
INFO: The APR based Apache Tomcat Native library which allows optimal performance in production environments was not found on the java.library.path: /Users/junyipeng/Library/Java/Extensions:/Library/Java/Extensions:/Network/Library/Java/Extensions:/System/Library/Java/Extensions:/usr/lib/java:.
May 23, 2017 6:00:37 PM org.apache.coyote.AbstractProtocol init
INFO: Initializing ProtocolHandler ["http-bio-80"]
May 23, 2017 6:00:37 PM org.apache.coyote.AbstractProtocol init
SEVERE: Failed to initialize end point associated with ProtocolHandler ["http-bio-80"]
java.net.BindException: Permission denied (Bind failed) <null>:80
	at org.apache.tomcat.util.net.JIoEndpoint.bind(JIoEndpoint.java:406)
	at org.apache.tomcat.util.net.AbstractEndpoint.init(AbstractEndpoint.java:610)
	at org.apache.coyote.AbstractProtocol.init(AbstractProtocol.java:429)
	at org.apache.coyote.http11.AbstractHttp11JsseProtocol.init(AbstractHttp11JsseProtocol.java:119)
	at org.apache.catalina.connector.Connector.initInternal(Connector.java:981)
	at org.apache.catalina.util.LifecycleBase.init(LifecycleBase.java:102)
	at org.apache.catalina.core.StandardService.initInternal(StandardService.java:559)
	at org.apache.catalina.util.LifecycleBase.init(LifecycleBase.java:102)
	at org.apache.catalina.core.StandardServer.initInternal(StandardServer.java:814)
	at org.apache.catalina.util.LifecycleBase.init(LifecycleBase.java:102)
	at org.apache.catalina.startup.Catalina.load(Catalina.java:633)
	at org.apache.catalina.startup.Catalina.load(Catalina.java:658)
	at sun.reflect.NativeMethodAccessorImpl.invoke0(Native Method)
	at sun.reflect.NativeMethodAccessorImpl.invoke(NativeMethodAccessorImpl.java:62)
	at sun.reflect.DelegatingMethodAccessorImpl.invoke(DelegatingMethodAccessorImpl.java:43)
	at java.lang.reflect.Method.invoke(Method.java:498)
	at org.apache.catalina.startup.Bootstrap.load(Bootstrap.java:281)
	at org.apache.catalina.startup.Bootstrap.main(Bootstrap.java:450)
Caused by: java.net.BindException: Permission denied (Bind failed)
	at java.net.PlainSocketImpl.socketBind(Native Method)
	at java.net.AbstractPlainSocketImpl.bind(AbstractPlainSocketImpl.java:387)
	at java.net.ServerSocket.bind(ServerSocket.java:375)
	at java.net.ServerSocket.<init>(ServerSocket.java:237)
	at java.net.ServerSocket.<init>(ServerSocket.java:181)
	at org.apache.tomcat.util.net.DefaultServerSocketFactory.createSocket(DefaultServerSocketFactory.java:49)
	at org.apache.tomcat.util.net.JIoEndpoint.bind(JIoEndpoint.java:393)
	... 17 more

May 23, 2017 6:00:37 PM org.apache.catalina.core.StandardService initInternal
SEVERE: Failed to initialize connector [Connector[HTTP/1.1-80]]
org.apache.catalina.LifecycleException: Failed to initialize component [Connector[HTTP/1.1-80]]
	at org.apache.catalina.util.LifecycleBase.init(LifecycleBase.java:106)
	at org.apache.catalina.core.StandardService.initInternal(StandardService.java:559)
	at org.apache.catalina.util.LifecycleBase.init(LifecycleBase.java:102)
	at org.apache.catalina.core.StandardServer.initInternal(StandardServer.java:814)
	at org.apache.catalina.util.LifecycleBase.init(LifecycleBase.java:102)
	at org.apache.catalina.startup.Catalina.load(Catalina.java:633)
	at org.apache.catalina.startup.Catalina.load(Catalina.java:658)
	at sun.reflect.NativeMethodAccessorImpl.invoke0(Native Method)
	at sun.reflect.NativeMethodAccessorImpl.invoke(NativeMethodAccessorImpl.java:62)
	at sun.reflect.DelegatingMethodAccessorImpl.invoke(DelegatingMethodAccessorImpl.java:43)
	at java.lang.reflect.Method.invoke(Method.java:498)
	at org.apache.catalina.startup.Bootstrap.load(Bootstrap.java:281)
	at org.apache.catalina.startup.Bootstrap.main(Bootstrap.java:450)
Caused by: org.apache.catalina.LifecycleException: Protocol handler initialization failed
	at org.apache.catalina.connector.Connector.initInternal(Connector.java:983)
	at org.apache.catalina.util.LifecycleBase.init(LifecycleBase.java:102)
	... 12 more
Caused by: java.net.BindException: Permission denied (Bind failed) <null>:80
	at org.apache.tomcat.util.net.JIoEndpoint.bind(JIoEndpoint.java:406)
	at org.apache.tomcat.util.net.AbstractEndpoint.init(AbstractEndpoint.java:610)
	at org.apache.coyote.AbstractProtocol.init(AbstractProtocol.java:429)
	at org.apache.coyote.http11.AbstractHttp11JsseProtocol.init(AbstractHttp11JsseProtocol.java:119)
	at org.apache.catalina.connector.Connector.initInternal(Connector.java:981)
	... 13 more
Caused by: java.net.BindException: Permission denied (Bind failed)
	at java.net.PlainSocketImpl.socketBind(Native Method)
	at java.net.AbstractPlainSocketImpl.bind(AbstractPlainSocketImpl.java:387)
	at java.net.ServerSocket.bind(ServerSocket.java:375)
	at java.net.ServerSocket.<init>(ServerSocket.java:237)
	at java.net.ServerSocket.<init>(ServerSocket.java:181)
	at org.apache.tomcat.util.net.DefaultServerSocketFactory.createSocket(DefaultServerSocketFactory.java:49)
	at org.apache.tomcat.util.net.JIoEndpoint.bind(JIoEndpoint.java:393)
	... 17 more

May 23, 2017 6:00:37 PM org.apache.coyote.AbstractProtocol init
INFO: Initializing ProtocolHandler ["ajp-bio-8009"]
May 23, 2017 6:00:37 PM org.apache.catalina.startup.Catalina load
INFO: Initialization processed in 531 ms
May 23, 2017 6:00:37 PM org.apache.catalina.core.StandardService startInternal
INFO: Starting service Catalina
May 23, 2017 6:00:37 PM org.apache.catalina.core.StandardEngine startInternal
INFO: Starting Servlet Engine: Apache Tomcat/7.0.34
May 23, 2017 6:00:37 PM org.apache.catalina.startup.HostConfig deployDirectory
INFO: Deploying web application directory /Users/junyipeng/Downloads/apache-tomcat-7.0.34/webapps/csj
May 23, 2017 6:00:38 PM org.apache.catalina.startup.HostConfig deployDirectory
INFO: Deploying web application directory /Users/junyipeng/Downloads/apache-tomcat-7.0.34/webapps/docs
May 23, 2017 6:00:38 PM org.apache.catalina.startup.HostConfig deployDirectory
INFO: Deploying web application directory /Users/junyipeng/Downloads/apache-tomcat-7.0.34/webapps/examples
May 23, 2017 6:00:38 PM org.apache.catalina.startup.HostConfig deployDirectory
INFO: Deploying web application directory /Users/junyipeng/Downloads/apache-tomcat-7.0.34/webapps/host-manager
May 23, 2017 6:00:38 PM org.apache.catalina.startup.HostConfig deployDirectory
INFO: Deploying web application directory /Users/junyipeng/Downloads/apache-tomcat-7.0.34/webapps/manager
May 23, 2017 6:00:38 PM org.apache.catalina.startup.HostConfig deployDirectory
INFO: Deploying web application directory /Users/junyipeng/Downloads/apache-tomcat-7.0.34/webapps/ROOT
May 23, 2017 6:00:38 PM org.apache.coyote.AbstractProtocol start
INFO: Starting ProtocolHandler ["ajp-bio-8009"]
May 23, 2017 6:00:38 PM org.apache.catalina.startup.Catalina start
INFO: Server startup in 477 ms
May 23, 2017 6:01:02 PM org.apache.catalina.core.StandardServer await
INFO: A valid shutdown command was received via the shutdown port. Stopping the Server instance.
May 23, 2017 6:01:02 PM org.apache.coyote.AbstractProtocol pause
INFO: Pausing ProtocolHandler ["http-bio-80"]
May 23, 2017 6:01:02 PM org.apache.coyote.AbstractProtocol pause
INFO: Pausing ProtocolHandler ["ajp-bio-8009"]
May 23, 2017 6:01:02 PM org.apache.catalina.core.StandardService stopInternal
INFO: Stopping service Catalina
May 23, 2017 6:01:02 PM org.apache.coyote.AbstractProtocol stop
INFO: Stopping ProtocolHandler ["ajp-bio-8009"]
May 23, 2017 6:01:02 PM org.apache.coyote.AbstractProtocol stop
INFO: Stopping ProtocolHandler ["http-bio-80"]
May 23, 2017 6:01:02 PM org.apache.coyote.AbstractProtocol destroy
INFO: Destroying ProtocolHandler ["http-bio-80"]
May 23, 2017 6:01:02 PM org.apache.coyote.AbstractProtocol destroy
INFO: Destroying ProtocolHandler ["ajp-bio-8009"]
May 23, 2017 6:01:04 PM org.apache.catalina.core.AprLifecycleListener init
INFO: The APR based Apache Tomcat Native library which allows optimal performance in production environments was not found on the java.library.path: /Users/junyipeng/Library/Java/Extensions:/Library/Java/Extensions:/Network/Library/Java/Extensions:/System/Library/Java/Extensions:/usr/lib/java:.
May 23, 2017 6:01:04 PM org.apache.coyote.AbstractProtocol init
INFO: Initializing ProtocolHandler ["http-bio-8080"]
May 23, 2017 6:01:04 PM org.apache.coyote.AbstractProtocol init
INFO: Initializing ProtocolHandler ["ajp-bio-8009"]
May 23, 2017 6:01:04 PM org.apache.catalina.startup.Catalina load
INFO: Initialization processed in 535 ms
May 23, 2017 6:01:04 PM org.apache.catalina.core.StandardService startInternal
INFO: Starting service Catalina
May 23, 2017 6:01:04 PM org.apache.catalina.core.StandardEngine startInternal
INFO: Starting Servlet Engine: Apache Tomcat/7.0.34
May 23, 2017 6:01:04 PM org.apache.catalina.startup.HostConfig deployDirectory
INFO: Deploying web application directory /Users/junyipeng/Downloads/apache-tomcat-7.0.34/webapps/csj
May 23, 2017 6:01:04 PM org.apache.catalina.startup.HostConfig deployDirectory
INFO: Deploying web application directory /Users/junyipeng/Downloads/apache-tomcat-7.0.34/webapps/docs
May 23, 2017 6:01:04 PM org.apache.catalina.startup.HostConfig deployDirectory
INFO: Deploying web application directory /Users/junyipeng/Downloads/apache-tomcat-7.0.34/webapps/examples
May 23, 2017 6:01:04 PM org.apache.catalina.startup.HostConfig deployDirectory
INFO: Deploying web application directory /Users/junyipeng/Downloads/apache-tomcat-7.0.34/webapps/host-manager
May 23, 2017 6:01:04 PM org.apache.catalina.startup.HostConfig deployDirectory
INFO: Deploying web application directory /Users/junyipeng/Downloads/apache-tomcat-7.0.34/webapps/manager
May 23, 2017 6:01:04 PM org.apache.catalina.startup.HostConfig deployDirectory
INFO: Deploying web application directory /Users/junyipeng/Downloads/apache-tomcat-7.0.34/webapps/ROOT
May 23, 2017 6:01:04 PM org.apache.coyote.AbstractProtocol start
INFO: Starting ProtocolHandler ["http-bio-8080"]
May 23, 2017 6:01:04 PM org.apache.coyote.AbstractProtocol start
INFO: Starting ProtocolHandler ["ajp-bio-8009"]
May 23, 2017 6:01:04 PM org.apache.catalina.startup.Catalina start
INFO: Server startup in 483 ms
May 23, 2017 6:01:19 PM org.apache.catalina.core.StandardServer await
INFO: A valid shutdown command was received via the shutdown port. Stopping the Server instance.
May 23, 2017 6:01:19 PM org.apache.coyote.AbstractProtocol pause
INFO: Pausing ProtocolHandler ["http-bio-8080"]
May 23, 2017 6:01:19 PM org.apache.coyote.AbstractProtocol pause
INFO: Pausing ProtocolHandler ["ajp-bio-8009"]
May 23, 2017 6:01:19 PM org.apache.catalina.core.StandardService stopInternal
INFO: Stopping service Catalina
May 23, 2017 6:01:19 PM org.apache.coyote.AbstractProtocol stop
INFO: Stopping ProtocolHandler ["http-bio-8080"]
May 23, 2017 6:01:19 PM org.apache.coyote.AbstractProtocol stop
INFO: Stopping ProtocolHandler ["ajp-bio-8009"]
May 23, 2017 6:01:19 PM org.apache.coyote.AbstractProtocol destroy
INFO: Destroying ProtocolHandler ["http-bio-8080"]
May 23, 2017 6:01:19 PM org.apache.coyote.AbstractProtocol destroy
INFO: Destroying ProtocolHandler ["ajp-bio-8009"]
