May 23, 2017 5:58:58 PM org.apache.catalina.core.ApplicationContext log
INFO: ContextListener: contextInitialized()
May 23, 2017 5:58:58 PM org.apache.catalina.core.ApplicationContext log
INFO: SessionListener: contextInitialized()
May 23, 2017 5:58:58 PM org.apache.catalina.core.ApplicationContext log
INFO: ContextListener: attributeAdded('org.apache.jasper.compiler.TldLocationsCache', 'org.apache.jasper.compiler.TldLocationsCache@22191516')
May 23, 2017 5:59:32 PM org.apache.catalina.core.ApplicationContext log
INFO: SessionListener: contextDestroyed()
May 23, 2017 5:59:32 PM org.apache.catalina.core.ApplicationContext log
INFO: ContextListener: contextDestroyed()
May 23, 2017 6:00:38 PM org.apache.catalina.core.ApplicationContext log
INFO: ContextListener: contextInitialized()
May 23, 2017 6:00:38 PM org.apache.catalina.core.ApplicationContext log
INFO: SessionListener: contextInitialized()
May 23, 2017 6:00:38 PM org.apache.catalina.core.ApplicationContext log
INFO: ContextListener: attributeAdded('org.apache.jasper.compiler.TldLocationsCache', 'org.apache.jasper.compiler.TldLocationsCache@38fe6718')
May 23, 2017 6:01:02 PM org.apache.catalina.core.ApplicationContext log
INFO: SessionListener: contextDestroyed()
May 23, 2017 6:01:02 PM org.apache.catalina.core.ApplicationContext log
INFO: ContextListener: contextDestroyed()
May 23, 2017 6:01:04 PM org.apache.catalina.core.ApplicationContext log
INFO: ContextListener: contextInitialized()
May 23, 2017 6:01:04 PM org.apache.catalina.core.ApplicationContext log
INFO: SessionListener: contextInitialized()
May 23, 2017 6:01:04 PM org.apache.catalina.core.ApplicationContext log
INFO: ContextListener: attributeAdded('org.apache.jasper.compiler.TldLocationsCache', 'org.apache.jasper.compiler.TldLocationsCache@5f234afc')
May 23, 2017 6:01:19 PM org.apache.catalina.core.ApplicationContext log
INFO: SessionListener: contextDestroyed()
May 23, 2017 6:01:19 PM org.apache.catalina.core.ApplicationContext log
INFO: ContextListener: contextDestroyed()
